1606843846249	geckodriver	INFO	Listening on 127.0.0.1:49437
1606843849290	mozrunner::runner	INFO	Running command: "C:\\Program Files (x86)\\Mozilla Firefox\\firefox.exe" "--marionette" "-foreground" "-no-remote" "-profile" "C:\\Users\\Angel\\AppData\\Local\\Temp\\rust_mozprofileqdadVx"
Can't find symbol 'eglSwapBuffersWithDamageEXT'.
Can't find symbol 'eglSetDamageRegionKHR'.
JavaScript error: resource://gre/modules/XULStore.jsm, line 66: Error: Can't find profile directory.
console.warn: SearchSettings: "get: No settings file exists, new profile?" (new Error("", "(unknown module)"))
1606843853124	Marionette	INFO	Listening on port 49445
1606843853516	Marionette	WARN	TLS certificate errors will be ignored for this session
JavaScript error: https://www.cenace.gob.mx/Paginas/SIM/Reportes/H_PronosticosGeneracion.aspx?N=245&opc=divCssPronosticosGen&site=Pron%C3%B3sticos%20de%20Generaci%C3%B3n%20Intermitente&tipoArch=C&tipoUni=ALL&tipo=All&nombrenodop=, line 232: TypeError: firstRow is undefined
JavaScript error: resource://pdf.js/PdfStreamConverter.jsm, line 1086: NS_ERROR_FAILURE: Ignore PDF.js for this download.
JavaScript error: resource://pdf.js/PdfStreamConverter.jsm, line 1086: NS_ERROR_FAILURE: Ignore PDF.js for this download.
JavaScript error: resource://pdf.js/PdfStreamConverter.jsm, line 1086: NS_ERROR_FAILURE: Ignore PDF.js for this download.
JavaScript error: resource://pdf.js/PdfStreamConverter.jsm, line 1086: NS_ERROR_FAILURE: Ignore PDF.js for this download.
JavaScript error: resource://pdf.js/PdfStreamConverter.jsm, line 1086: NS_ERROR_FAILURE: Ignore PDF.js for this download.
JavaScript error: resource://pdf.js/PdfStreamConverter.jsm, line 1086: NS_ERROR_FAILURE: Ignore PDF.js for this download.
JavaScript error: resource://pdf.js/PdfStreamConverter.jsm, line 1086: NS_ERROR_FAILURE: Ignore PDF.js for this download.
JavaScript error: resource://pdf.js/PdfStreamConverter.jsm, line 1086: NS_ERROR_FAILURE: Ignore PDF.js for this download.
JavaScript error: resource://pdf.js/PdfStreamConverter.jsm, line 1086: NS_ERROR_FAILURE: Ignore PDF.js for this download.
JavaScript error: resource://pdf.js/PdfStreamConverter.jsm, line 1086: NS_ERROR_FAILURE: Ignore PDF.js for this download.
JavaScript error: resource://pdf.js/PdfStreamConverter.jsm, line 1086: NS_ERROR_FAILURE: Ignore PDF.js for this download.
JavaScript error: resource://pdf.js/PdfStreamConverter.jsm, line 1086: NS_ERROR_FAILURE: Ignore PDF.js for this download.
JavaScript error: https://www.cenace.gob.mx/ScriptResource.axd?d=jLmy3jXxeSyq9bBy74ikyrxInu74H87cDcSph7pNm2JDT6rAkclnkCeoFNnbL5WCtee3s8bdeiPv1o92ngQ2RpXlCNIGi42idVMUX2TE3BH3KaEleZV_hGRbiHts25jH0&t=51e37521, line 2: TypeError: t is undefined
JavaScript error: https://www.cenace.gob.mx/ScriptResource.axd?d=jLmy3jXxeSyq9bBy74ikyrxInu74H87cDcSph7pNm2JDT6rAkclnkCeoFNnbL5WCtee3s8bdeiPv1o92ngQ2RpXlCNIGi42idVMUX2TE3BH3KaEleZV_hGRbiHts25jH0&t=51e37521, line 2: TypeError: t is undefined
[Parent 6580, Gecko_IOThread] WARNING: file /builds/worker/checkouts/gecko/ipc/chromium/src/base/process_util_win.cc:166
1606843916779	Marionette	INFO	Stopped listening on port 49445

###!!! [Child][RunMessage] Error: Channel closing: too late to send/recv, messages will be lost


###!!! [Child][MessageChannel::SendAndWait] Error: Channel error: cannot send/recv

1606843945513	geckodriver	INFO	Listening on 127.0.0.1:49497
1606843948578	mozrunner::runner	INFO	Running command: "C:\\Program Files (x86)\\Mozilla Firefox\\firefox.exe" "--marionette" "-foreground" "-no-remote" "-profile" "C:\\Users\\Angel\\AppData\\Local\\Temp\\rust_mozprofileSA0VuH"
Can't find symbol 'eglSwapBuffersWithDamageEXT'.
Can't find symbol 'eglSetDamageRegionKHR'.
JavaScript error: resource://gre/modules/XULStore.jsm, line 66: Error: Can't find profile directory.
console.warn: SearchSettings: "get: No settings file exists, new profile?" (new Error("", "(unknown module)"))
1606843952127	Marionette	INFO	Listening on port 49505
1606843952341	Marionette	WARN	TLS certificate errors will be ignored for this session
JavaScript error: https://www.cenace.gob.mx/Paginas/SIM/Reportes/H_PronosticosGeneracion.aspx?N=245&opc=divCssPronosticosGen&site=Pron%C3%B3sticos%20de%20Generaci%C3%B3n%20Intermitente&tipoArch=C&tipoUni=ALL&tipo=All&nombrenodop=, line 232: TypeError: firstRow is undefined
JavaScript error: resource://pdf.js/PdfStreamConverter.jsm, line 1086: NS_ERROR_FAILURE: Ignore PDF.js for this download.
JavaScript error: resource://pdf.js/PdfStreamConverter.jsm, line 1086: NS_ERROR_FAILURE: Ignore PDF.js for this download.
JavaScript error: resource://pdf.js/PdfStreamConverter.jsm, line 1086: NS_ERROR_FAILURE: Ignore PDF.js for this download.
JavaScript error: resource://pdf.js/PdfStreamConverter.jsm, line 1086: NS_ERROR_FAILURE: Ignore PDF.js for this download.
JavaScript error: resource://pdf.js/PdfStreamConverter.jsm, line 1086: NS_ERROR_FAILURE: Ignore PDF.js for this download.
JavaScript error: resource://pdf.js/PdfStreamConverter.jsm, line 1086: NS_ERROR_FAILURE: Ignore PDF.js for this download.
JavaScript error: resource://pdf.js/PdfStreamConverter.jsm, line 1086: NS_ERROR_FAILURE: Ignore PDF.js for this download.
JavaScript error: resource://pdf.js/PdfStreamConverter.jsm, line 1086: NS_ERROR_FAILURE: Ignore PDF.js for this download.
1606843994667	Marionette	INFO	Stopped listening on port 49505
JavaScript error: https://www.cenace.gob.mx/ScriptResource.axd?d=jLmy3jXxeSyq9bBy74ikyrxInu74H87cDcSph7pNm2JDT6rAkclnkCeoFNnbL5WCtee3s8bdeiPv1o92ngQ2RpXlCNIGi42idVMUX2TE3BH3KaEleZV_hGRbiHts25jH0&t=51e37521, line 2: TypeError: t is undefined
JavaScript error: https://www.cenace.gob.mx/ScriptResource.axd?d=jLmy3jXxeSyq9bBy74ikyrxInu74H87cDcSph7pNm2JDT6rAkclnkCeoFNnbL5WCtee3s8bdeiPv1o92ngQ2RpXlCNIGi42idVMUX2TE3BH3KaEleZV_hGRbiHts25jH0&t=51e37521, line 2: TypeError: t is undefined

###!!! [Child][RunMessage] Error: Channel closing: too late to send/recv, messages will be lost


###!!! [Child][MessageChannel::SendAndWait] Error: Channel error: cannot send/recv

1606843996653	geckodriver	INFO	Listening on 127.0.0.1:49561
1606843999732	mozrunner::runner	INFO	Running command: "C:\\Program Files (x86)\\Mozilla Firefox\\firefox.exe" "--marionette" "-foreground" "-no-remote" "-profile" "C:\\Users\\Angel\\AppData\\Local\\Temp\\rust_mozprofileYfzV3R"
Can't find symbol 'eglSwapBuffersWithDamageEXT'.
Can't find symbol 'eglSetDamageRegionKHR'.
JavaScript error: resource://gre/modules/XULStore.jsm, line 66: Error: Can't find profile directory.
console.warn: SearchSettings: "get: No settings file exists, new profile?" (new Error("", "(unknown module)"))
1606844003411	Marionette	INFO	Listening on port 49569
1606844003943	Marionette	WARN	TLS certificate errors will be ignored for this session

###!!! [Child][MessageChannel] Error: (msgtype=0x5B000A,name=PHttpChannel::Msg_DeletingChannel) Channel closing: too late to send/recv, messages will be lost


###!!! [Child][MessageChannel] Error: (msgtype=0x5B000A,name=PHttpChannel::Msg_DeletingChannel) Channel closing: too late to send/recv, messages will be lost


###!!! [Child][MessageChannel] Error: (msgtype=0x5B000A,name=PHttpChannel::Msg_DeletingChannel) Channel closing: too late to send/recv, messages will be lost


###!!! [Child][MessageChannel] Error: (msgtype=0x5B000A,name=PHttpChannel::Msg_DeletingChannel) Channel closing: too late to send/recv, messages will be lost


###!!! [Child][MessageChannel] Error: (msgtype=0x5B000A,name=PHttpChannel::Msg_DeletingChannel) Channel closing: too late to send/recv, messages will be lost


###!!! [Child][MessageChannel] Error: (msgtype=0x5B000A,name=PHttpChannel::Msg_DeletingChannel) Channel closing: too late to send/recv, messages will be lost


###!!! [Child][MessageChannel] Error: (msgtype=0x5B000A,name=PHttpChannel::Msg_DeletingChannel) Channel closing: too late to send/recv, messages will be lost


###!!! [Child][MessageChannel] Error: (msgtype=0x5B000A,name=PHttpChannel::Msg_DeletingChannel) Channel closing: too late to send/recv, messages will be lost


###!!! [Child][MessageChannel] Error: (msgtype=0x5B000A,name=PHttpChannel::Msg_DeletingChannel) Channel closing: too late to send/recv, messages will be lost


###!!! [Child][MessageChannel] Error: (msgtype=0x5B000A,name=PHttpChannel::Msg_DeletingChannel) Channel closing: too late to send/recv, messages will be lost


###!!! [Child][MessageChannel] Error: (msgtype=0x5B000A,name=PHttpChannel::Msg_DeletingChannel) Channel closing: too late to send/recv, messages will be lost


###!!! [Child][MessageChannel] Error: (msgtype=0x5B000A,name=PHttpChannel::Msg_DeletingChannel) Channel closing: too late to send/recv, messages will be lost


###!!! [Child][MessageChannel] Error: (msgtype=0x5B000A,name=PHttpChannel::Msg_DeletingChannel) Channel closing: too late to send/recv, messages will be lost


###!!! [Child][MessageChannel] Error: (msgtype=0x5B000A,name=PHttpChannel::Msg_DeletingChannel) Channel closing: too late to send/recv, messages will be lost


###!!! [Child][MessageChannel] Error: (msgtype=0x5B000A,name=PHttpChannel::Msg_DeletingChannel) Channel closing: too late to send/recv, messages will be lost


###!!! [Child][MessageChannel] Error: (msgtype=0x5B000A,name=PHttpChannel::Msg_DeletingChannel) Channel closing: too late to send/recv, messages will be lost


###!!! [Child][MessageChannel] Error: (msgtype=0x5B000A,name=PHttpChannel::Msg_DeletingChannel) Channel closing: too late to send/recv, messages will be lost


###!!! [Child][MessageChannel] Error: (msgtype=0x5B000A,name=PHttpChannel::Msg_DeletingChannel) Channel closing: too late to send/recv, messages will be lost


###!!! [Child][MessageChannel] Error: (msgtype=0x5B000A,name=PHttpChannel::Msg_DeletingChannel) Channel closing: too late to send/recv, messages will be lost


###!!! [Child][MessageChannel] Error: (msgtype=0x5B000A,name=PHttpChannel::Msg_DeletingChannel) Channel closing: too late to send/recv, messages will be lost


###!!! [Child][MessageChannel] Error: (msgtype=0x5B000A,name=PHttpChannel::Msg_DeletingChannel) Channel closing: too late to send/recv, messages will be lost


###!!! [Child][MessageChannel] Error: (msgtype=0x5B000A,name=PHttpChannel::Msg_DeletingChannel) Channel closing: too late to send/recv, messages will be lost


###!!! [Child][MessageChannel] Error: (msgtype=0x5B000A,name=PHttpChannel::Msg_DeletingChannel) Channel closing: too late to send/recv, messages will be lost


###!!! [Child][MessageChannel] Error: (msgtype=0x5B000A,name=PHttpChannel::Msg_DeletingChannel) Channel closing: too late to send/recv, messages will be lost


###!!! [Child][MessageChannel] Error: (msgtype=0x5B000A,name=PHttpChannel::Msg_DeletingChannel) Channel closing: too late to send/recv, messages will be lost


###!!! [Child][MessageChannel] Error: (msgtype=0x5B000A,name=PHttpChannel::Msg_DeletingChannel) Channel closing: too late to send/recv, messages will be lost


###!!! [Child][MessageChannel] Error: (msgtype=0x5B000A,name=PHttpChannel::Msg_DeletingChannel) Channel closing: too late to send/recv, messages will be lost


###!!! [Child][RunMessage] Error: Channel closing: too late to send/recv, messages will be lost


###!!! [Child][MessageChannel] Error: (msgtype=0x5B000A,name=PHttpChannel::Msg_DeletingChannel) Channel closing: too late to send/recv, messages will be lost


###!!! [Child][RunMessage] Error: Channel closing: too late to send/recv, messages will be lost


###!!! [Child][RunMessage] Error: Channel closing: too late to send/recv, messages will be lost


###!!! [Child][RunMessage] Error: Channel closing: too late to send/recv, messages will be lost


###!!! [Child][RunMessage] Error: Channel closing: too late to send/recv, messages will be lost


###!!! [Child][RunMessage] Error: Channel closing: too late to send/recv, messages will be lost


###!!! [Child][RunMessage] Error: Channel closing: too late to send/recv, messages will be lost


###!!! [Child][RunMessage] Error: Channel closing: too late to send/recv, messages will be lost


###!!! [Child][RunMessage] Error: Channel closing: too late to send/recv, messages will be lost


###!!! [Child][RunMessage] Error: Channel closing: too late to send/recv, messages will be lost


###!!! [Child][RunMessage] Error: Channel closing: too late to send/recv, messages will be lost


###!!! [Child][RunMessage] Error: Channel closing: too late to send/recv, messages will be lost


###!!! [Child][RunMessage] Error: Channel closing: too late to send/recv, messages will be lost


###!!! [Child][RunMessage] Error: Channel closing: too late to send/recv, messages will be lost


###!!! [Child][RunMessage] Error: Channel closing: too late to send/recv, messages will be lost


###!!! [Child][RunMessage] Error: Channel closing: too late to send/recv, messages will be lost


###!!! [Child][RunMessage] Error: Channel closing: too late to send/recv, messages will be lost


###!!! [Child][RunMessage] Error: Channel closing: too late to send/recv, messages will be lost


###!!! [Child][RunMessage] Error: Channel closing: too late to send/recv, messages will be lost


###!!! [Child][RunMessage] Error: Channel closing: too late to send/recv, messages will be lost


###!!! [Child][MessageChannel] Error: (msgtype=0x5B000A,name=PHttpChannel::Msg_DeletingChannel) Channel closing: too late to send/recv, messages will be lost


###!!! [Child][RunMessage] Error: Channel closing: too late to send/recv, messages will be lost


###!!! [Child][RunMessage] Error: Channel closing: too late to send/recv, messages will be lost


###!!! [Child][RunMessage] Error: Channel closing: too late to send/recv, messages will be lost


###!!! [Child][RunMessage] Error: Channel closing: too late to send/recv, messages will be lost


###!!! [Child][RunMessage] Error: Channel closing: too late to send/recv, messages will be lost


###!!! [Child][RunMessage] Error: Channel closing: too late to send/recv, messages will be lost


###!!! [Child][RunMessage] Error: Channel closing: too late to send/recv, messages will be lost


###!!! [Child][RunMessage] Error: Channel closing: too late to send/recv, messages will be lost


###!!! [Child][RunMessage] Error: Channel closing: too late to send/recv, messages will be lost


###!!! [Child][RunMessage] Error: Channel closing: too late to send/recv, messages will be lost


###!!! [Child][RunMessage] Error: Channel closing: too late to send/recv, messages will be lost


###!!! [Child][RunMessage] Error: Channel closing: too late to send/recv, messages will be lost


###!!! [Child][RunMessage] Error: Channel closing: too late to send/recv, messages will be lost


###!!! [Child][RunMessage] Error: Channel closing: too late to send/recv, messages will be lost


###!!! [Child][RunMessage] Error: Channel closing: too late to send/recv, messages will be lost


###!!! [Child][RunMessage] Error: Channel closing: too late to send/recv, messages will be lost


###!!! [Child][RunMessage] Error: Channel closing: too late to send/recv, messages will be lost


###!!! [Child][RunMessage] Error: Channel closing: too late to send/recv, messages will be lost


###!!! [Child][RunMessage] Error: Channel closing: too late to send/recv, messages will be lost


###!!! [Child][RunMessage] Error: Channel closing: too late to send/recv, messages will be lost


###!!! [Child][RunMessage] Error: Channel closing: too late to send/recv, messages will be lost


###!!! [Child][RunMessage] Error: Channel closing: too late to send/recv, messages will be lost


###!!! [Child][RunMessage] Error: Channel closing: too late to send/recv, messages will be lost


###!!! [Child][RunMessage] Error: Channel closing: too late to send/recv, messages will be lost


###!!! [Child][RunMessage] Error: Channel closing: too late to send/recv, messages will be lost


###!!! [Child][MessageChannel] Error: (msgtype=0x5B000A,name=PHttpChannel::Msg_DeletingChannel) Channel closing: too late to send/recv, messages will be lost


###!!! [Child][MessageChannel] Error: (msgtype=0x5B000A,name=PHttpChannel::Msg_DeletingChannel) Channel closing: too late to send/recv, messages will be lost


###!!! [Child][MessageChannel] Error: (msgtype=0x5B000A,name=PHttpChannel::Msg_DeletingChannel) Channel closing: too late to send/recv, messages will be lost


###!!! [Child][MessageChannel] Error: (msgtype=0x5B000A,name=PHttpChannel::Msg_DeletingChannel) Channel closing: too late to send/recv, messages will be lost


###!!! [Child][MessageChannel] Error: (msgtype=0x5B000A,name=PHttpChannel::Msg_DeletingChannel) Channel closing: too late to send/recv, messages will be lost


###!!! [Child][MessageChannel] Error: (msgtype=0x5B000A,name=PHttpChannel::Msg_DeletingChannel) Channel closing: too late to send/recv, messages will be lost


###!!! [Child][MessageChannel] Error: (msgtype=0x5B000A,name=PHttpChannel::Msg_DeletingChannel) Channel closing: too late to send/recv, messages will be lost


###!!! [Child][MessageChannel] Error: (msgtype=0x5B000A,name=PHttpChannel::Msg_DeletingChannel) Channel closing: too late to send/recv, messages will be lost


###!!! [Child][MessageChannel] Error: (msgtype=0x5B000A,name=PHttpChannel::Msg_DeletingChannel) Channel closing: too late to send/recv, messages will be lost


###!!! [Child][MessageChannel] Error: (msgtype=0x5B000A,name=PHttpChannel::Msg_DeletingChannel) Channel closing: too late to send/recv, messages will be lost


###!!! [Child][MessageChannel] Error: (msgtype=0x5B000A,name=PHttpChannel::Msg_DeletingChannel) Channel closing: too late to send/recv, messages will be lost


###!!! [Child][MessageChannel] Error: (msgtype=0x5B000A,name=PHttpChannel::Msg_DeletingChannel) Channel closing: too late to send/recv, messages will be lost


###!!! [Child][MessageChannel] Error: (msgtype=0x5B000A,name=PHttpChannel::Msg_DeletingChannel) Channel closing: too late to send/recv, messages will be lost


###!!! [Child][MessageChannel] Error: (msgtype=0x5B000A,name=PHttpChannel::Msg_DeletingChannel) Channel closing: too late to send/recv, messages will be lost

1606844016018	Marionette	INFO	Stopped listening on port 49569

###!!! [Child][RunMessage] Error: Channel closing: too late to send/recv, messages will be lost


###!!! [Child][MessageChannel::SendAndWait] Error: Channel error: cannot send/recv

1606844048522	geckodriver	INFO	Listening on 127.0.0.1:49621
1606844051588	mozrunner::runner	INFO	Running command: "C:\\Program Files (x86)\\Mozilla Firefox\\firefox.exe" "--marionette" "-foreground" "-no-remote" "-profile" "C:\\Users\\Angel\\AppData\\Local\\Temp\\rust_mozprofileFd382s"
Can't find symbol 'eglSwapBuffersWithDamageEXT'.
Can't find symbol 'eglSetDamageRegionKHR'.
JavaScript error: resource://gre/modules/XULStore.jsm, line 66: Error: Can't find profile directory.
console.warn: SearchSettings: "get: No settings file exists, new profile?" (new Error("", "(unknown module)"))
1606844055124	Marionette	INFO	Listening on port 49629
1606844055285	Marionette	WARN	TLS certificate errors will be ignored for this session
JavaScript error: https://www.cenace.gob.mx/SIM/VISTA/REPORTES/EnergiaGenLiqAgregada.aspx, line 268: SyntaxError: expected expression, got '}'
JavaScript error: https://www.cenace.gob.mx/ScriptResource.axd?d=jLmy3jXxeSyq9bBy74ikyrxInu74H87cDcSph7pNm2JDT6rAkclnkCeoFNnbL5WCtee3s8bdeiPv1o92ngQ2RpXlCNIGi42idVMUX2TE3BH3KaEleZV_hGRbiHts25jH0&t=51e37521, line 2: TypeError: t is undefined
JavaScript error: https://www.cenace.gob.mx/ScriptResource.axd?d=jLmy3jXxeSyq9bBy74ikyrxInu74H87cDcSph7pNm2JDT6rAkclnkCeoFNnbL5WCtee3s8bdeiPv1o92ngQ2RpXlCNIGi42idVMUX2TE3BH3KaEleZV_hGRbiHts25jH0&t=51e37521, line 2: TypeError: t is undefined
1606844085406	Marionette	INFO	Stopped listening on port 49629

###!!! [Child][RunMessage] Error: Channel closing: too late to send/recv, messages will be lost


###!!! [Child][MessageChannel::SendAndWait] Error: Channel error: cannot send/recv

1606844097291	geckodriver	INFO	Listening on 127.0.0.1:49688
1606844100375	mozrunner::runner	INFO	Running command: "C:\\Program Files (x86)\\Mozilla Firefox\\firefox.exe" "--marionette" "-foreground" "-no-remote" "-profile" "C:\\Users\\Angel\\AppData\\Local\\Temp\\rust_mozprofileHgM7gQ"
Can't find symbol 'eglSwapBuffersWithDamageEXT'.
Can't find symbol 'eglSetDamageRegionKHR'.
JavaScript error: resource://gre/modules/XULStore.jsm, line 66: Error: Can't find profile directory.
console.warn: SearchSettings: "get: No settings file exists, new profile?" (new Error("", "(unknown module)"))
1606844103938	Marionette	INFO	Listening on port 49697
1606844104088	Marionette	WARN	TLS certificate errors will be ignored for this session
JavaScript error: https://www.cenace.gob.mx/SIM/VISTA/REPORTES/EnergiaGenLiqAgregada.aspx, line 268: SyntaxError: expected expression, got '}'
JavaScript error: https://www.cenace.gob.mx/ScriptResource.axd?d=jLmy3jXxeSyq9bBy74ikyrxInu74H87cDcSph7pNm2JDT6rAkclnkCeoFNnbL5WCtee3s8bdeiPv1o92ngQ2RpXlCNIGi42idVMUX2TE3BH3KaEleZV_hGRbiHts25jH0&t=51e37521, line 2: TypeError: t is undefined
JavaScript error: https://www.cenace.gob.mx/ScriptResource.axd?d=jLmy3jXxeSyq9bBy74ikyrxInu74H87cDcSph7pNm2JDT6rAkclnkCeoFNnbL5WCtee3s8bdeiPv1o92ngQ2RpXlCNIGi42idVMUX2TE3BH3KaEleZV_hGRbiHts25jH0&t=51e37521, line 2: TypeError: t is undefined
JavaScript error: https://www.cenace.gob.mx/SIM/VISTA/REPORTES/EnergiaGenLiqAgregada.aspx, line 268: SyntaxError: expected expression, got '}'
JavaScript error: https://www.cenace.gob.mx/ScriptResource.axd?d=jLmy3jXxeSyq9bBy74ikyrxInu74H87cDcSph7pNm2JDT6rAkclnkCeoFNnbL5WCtee3s8bdeiPv1o92ngQ2RpXlCNIGi42idVMUX2TE3BH3KaEleZV_hGRbiHts25jH0&t=51e37521, line 2: TypeError: t is undefined
JavaScript error: https://www.cenace.gob.mx/ScriptResource.axd?d=jLmy3jXxeSyq9bBy74ikyrxInu74H87cDcSph7pNm2JDT6rAkclnkCeoFNnbL5WCtee3s8bdeiPv1o92ngQ2RpXlCNIGi42idVMUX2TE3BH3KaEleZV_hGRbiHts25jH0&t=51e37521, line 2: TypeError: t is undefined
1606844193698	Marionette	INFO	Stopped listening on port 49697

###!!! [Child][RunMessage] Error: Channel closing: too late to send/recv, messages will be lost


###!!! [Child][MessageChannel::SendAndWait] Error: Channel error: cannot send/recv

1606844667795	geckodriver	INFO	Listening on 127.0.0.1:63006
1606844670867	mozrunner::runner	INFO	Running command: "C:\\Program Files (x86)\\Mozilla Firefox\\firefox.exe" "--marionette" "-foreground" "-no-remote" "-profile" "C:\\Users\\Angel\\AppData\\Local\\Temp\\rust_mozprofilevgqGOU"
Can't find symbol 'eglSwapBuffersWithDamageEXT'.
Can't find symbol 'eglSetDamageRegionKHR'.
JavaScript error: resource://gre/modules/XULStore.jsm, line 66: Error: Can't find profile directory.
console.warn: SearchSettings: "get: No settings file exists, new profile?" (new Error("", "(unknown module)"))
1606844673947	Marionette	INFO	Listening on port 63014
1606844674036	Marionette	WARN	TLS certificate errors will be ignored for this session
JavaScript error: https://www.cenace.gob.mx/SIM/VISTA/REPORTES/EnergiaGenLiqAgregada.aspx, line 268: SyntaxError: expected expression, got '}'
JavaScript error: https://www.cenace.gob.mx/ScriptResource.axd?d=jLmy3jXxeSyq9bBy74ikyrxInu74H87cDcSph7pNm2JDT6rAkclnkCeoFNnbL5WCtee3s8bdeiPv1o92ngQ2RpXlCNIGi42idVMUX2TE3BH3KaEleZV_hGRbiHts25jH0&t=51e37521, line 2: TypeError: t is undefined
JavaScript error: https://www.cenace.gob.mx/ScriptResource.axd?d=jLmy3jXxeSyq9bBy74ikyrxInu74H87cDcSph7pNm2JDT6rAkclnkCeoFNnbL5WCtee3s8bdeiPv1o92ngQ2RpXlCNIGi42idVMUX2TE3BH3KaEleZV_hGRbiHts25jH0&t=51e37521, line 2: TypeError: t is undefined
1606844837619	Marionette	INFO	Stopped listening on port 63014

###!!! [Child][MessageChannel::SendAndWait] Error: Channel error: cannot send/recv

1606846421698	geckodriver	INFO	Listening on 127.0.0.1:63306
1606846424747	mozrunner::runner	INFO	Running command: "C:\\Program Files (x86)\\Mozilla Firefox\\firefox.exe" "--marionette" "-foreground" "-no-remote" "-profile" "C:\\Users\\Angel\\AppData\\Local\\Temp\\rust_mozprofileaogyaO"
Can't find symbol 'eglSwapBuffersWithDamageEXT'.
Can't find symbol 'eglSetDamageRegionKHR'.
JavaScript error: resource://gre/modules/XULStore.jsm, line 66: Error: Can't find profile directory.
console.warn: SearchSettings: "get: No settings file exists, new profile?" (new Error("", "(unknown module)"))
1606846428496	Marionette	INFO	Listening on port 63314
1606846428944	Marionette	WARN	TLS certificate errors will be ignored for this session
JavaScript error: https://www.cenace.gob.mx/SIM/VISTA/REPORTES/EnergiaGenLiqAgregada.aspx, line 268: SyntaxError: expected expression, got '}'
JavaScript error: https://www.cenace.gob.mx/ScriptResource.axd?d=jLmy3jXxeSyq9bBy74ikyrxInu74H87cDcSph7pNm2JDT6rAkclnkCeoFNnbL5WCtee3s8bdeiPv1o92ngQ2RpXlCNIGi42idVMUX2TE3BH3KaEleZV_hGRbiHts25jH0&t=51e37521, line 2: TypeError: t is undefined
JavaScript error: https://www.cenace.gob.mx/ScriptResource.axd?d=jLmy3jXxeSyq9bBy74ikyrxInu74H87cDcSph7pNm2JDT6rAkclnkCeoFNnbL5WCtee3s8bdeiPv1o92ngQ2RpXlCNIGi42idVMUX2TE3BH3KaEleZV_hGRbiHts25jH0&t=51e37521, line 2: TypeError: t is undefined
1606847005191	Marionette	INFO	Stopped listening on port 63314

###!!! [Child][RunMessage] Error: Channel closing: too late to send/recv, messages will be lost


###!!! [Child][MessageChannel::SendAndWait] Error: Channel error: cannot send/recv

1606847006207	geckodriver	INFO	Listening on 127.0.0.1:58123
1606847009264	mozrunner::runner	INFO	Running command: "C:\\Program Files (x86)\\Mozilla Firefox\\firefox.exe" "--marionette" "-foreground" "-no-remote" "-profile" "C:\\Users\\Angel\\AppData\\Local\\Temp\\rust_mozprofileRYFGRW"
Can't find symbol 'eglSwapBuffersWithDamageEXT'.
Can't find symbol 'eglSetDamageRegionKHR'.
JavaScript error: resource://gre/modules/XULStore.jsm, line 66: Error: Can't find profile directory.
console.warn: SearchSettings: "get: No settings file exists, new profile?" (new Error("", "(unknown module)"))
1606847012917	Marionette	INFO	Listening on port 58131
1606847012978	Marionette	WARN	TLS certificate errors will be ignored for this session
JavaScript error: https://www.cenace.gob.mx/SIM/VISTA/REPORTES/EnergiaGenLiqAgregada.aspx, line 268: SyntaxError: expected expression, got '}'
1606847025491	Marionette	INFO	Stopped listening on port 58131
JavaScript error: https://www.cenace.gob.mx/ScriptResource.axd?d=jLmy3jXxeSyq9bBy74ikyrxInu74H87cDcSph7pNm2JDT6rAkclnkCeoFNnbL5WCtee3s8bdeiPv1o92ngQ2RpXlCNIGi42idVMUX2TE3BH3KaEleZV_hGRbiHts25jH0&t=51e37521, line 2: TypeError: t is undefined
JavaScript error: https://www.cenace.gob.mx/ScriptResource.axd?d=jLmy3jXxeSyq9bBy74ikyrxInu74H87cDcSph7pNm2JDT6rAkclnkCeoFNnbL5WCtee3s8bdeiPv1o92ngQ2RpXlCNIGi42idVMUX2TE3BH3KaEleZV_hGRbiHts25jH0&t=51e37521, line 2: TypeError: t is undefined

###!!! [Child][RunMessage] Error: Channel closing: too late to send/recv, messages will be lost


###!!! [Child][MessageChannel::SendAndWait] Error: Channel error: cannot send/recv

1606847178683	geckodriver	INFO	Listening on 127.0.0.1:58193
1606847181740	mozrunner::runner	INFO	Running command: "C:\\Program Files (x86)\\Mozilla Firefox\\firefox.exe" "--marionette" "-foreground" "-no-remote" "-profile" "C:\\Users\\Angel\\AppData\\Local\\Temp\\rust_mozprofileSZT0fe"
Can't find symbol 'eglSwapBuffersWithDamageEXT'.
Can't find symbol 'eglSetDamageRegionKHR'.
JavaScript error: resource://gre/modules/XULStore.jsm, line 66: Error: Can't find profile directory.
console.warn: SearchSettings: "get: No settings file exists, new profile?" (new Error("", "(unknown module)"))
1606847185176	Marionette	INFO	Listening on port 58201
1606847185402	Marionette	WARN	TLS certificate errors will be ignored for this session
JavaScript error: https://www.cenace.gob.mx/SIM/VISTA/REPORTES/EnergiaGenLiqAgregada.aspx, line 268: SyntaxError: expected expression, got '}'
1606847194060	Marionette	INFO	Stopped listening on port 58201
JavaScript error: https://www.cenace.gob.mx/ScriptResource.axd?d=jLmy3jXxeSyq9bBy74ikyrxInu74H87cDcSph7pNm2JDT6rAkclnkCeoFNnbL5WCtee3s8bdeiPv1o92ngQ2RpXlCNIGi42idVMUX2TE3BH3KaEleZV_hGRbiHts25jH0&t=51e37521, line 2: TypeError: t is undefined
JavaScript error: https://www.cenace.gob.mx/ScriptResource.axd?d=jLmy3jXxeSyq9bBy74ikyrxInu74H87cDcSph7pNm2JDT6rAkclnkCeoFNnbL5WCtee3s8bdeiPv1o92ngQ2RpXlCNIGi42idVMUX2TE3BH3KaEleZV_hGRbiHts25jH0&t=51e37521, line 2: TypeError: t is undefined

###!!! [Child][RunMessage] Error: Channel closing: too late to send/recv, messages will be lost


###!!! [Child][MessageChannel::SendAndWait] Error: Channel error: cannot send/recv

1606847223211	geckodriver	INFO	Listening on 127.0.0.1:58250
1606847226269	mozrunner::runner	INFO	Running command: "C:\\Program Files (x86)\\Mozilla Firefox\\firefox.exe" "--marionette" "-foreground" "-no-remote" "-profile" "C:\\Users\\Angel\\AppData\\Local\\Temp\\rust_mozprofile1RxhWx"
Can't find symbol 'eglSwapBuffersWithDamageEXT'.
Can't find symbol 'eglSetDamageRegionKHR'.
JavaScript error: resource://gre/modules/XULStore.jsm, line 66: Error: Can't find profile directory.
console.warn: SearchSettings: "get: No settings file exists, new profile?" (new Error("", "(unknown module)"))
1606847229486	Marionette	INFO	Listening on port 58258
1606847229943	Marionette	WARN	TLS certificate errors will be ignored for this session
JavaScript error: https://www.cenace.gob.mx/SIM/VISTA/REPORTES/EnergiaGenLiqAgregada.aspx, line 268: SyntaxError: expected expression, got '}'
JavaScript error: https://www.cenace.gob.mx/ScriptResource.axd?d=jLmy3jXxeSyq9bBy74ikyrxInu74H87cDcSph7pNm2JDT6rAkclnkCeoFNnbL5WCtee3s8bdeiPv1o92ngQ2RpXlCNIGi42idVMUX2TE3BH3KaEleZV_hGRbiHts25jH0&t=51e37521, line 2: TypeError: t is undefined
JavaScript error: https://www.cenace.gob.mx/ScriptResource.axd?d=jLmy3jXxeSyq9bBy74ikyrxInu74H87cDcSph7pNm2JDT6rAkclnkCeoFNnbL5WCtee3s8bdeiPv1o92ngQ2RpXlCNIGi42idVMUX2TE3BH3KaEleZV_hGRbiHts25jH0&t=51e37521, line 2: TypeError: t is undefined
JavaScript error: https://www.cenace.gob.mx/SIM/VISTA/REPORTES/EnergiaGenLiqAgregada.aspx, line 268: SyntaxError: expected expression, got '}'
JavaScript error: https://www.cenace.gob.mx/ScriptResource.axd?d=jLmy3jXxeSyq9bBy74ikyrxInu74H87cDcSph7pNm2JDT6rAkclnkCeoFNnbL5WCtee3s8bdeiPv1o92ngQ2RpXlCNIGi42idVMUX2TE3BH3KaEleZV_hGRbiHts25jH0&t=51e37521, line 2: TypeError: t is undefined
JavaScript error: https://www.cenace.gob.mx/ScriptResource.axd?d=jLmy3jXxeSyq9bBy74ikyrxInu74H87cDcSph7pNm2JDT6rAkclnkCeoFNnbL5WCtee3s8bdeiPv1o92ngQ2RpXlCNIGi42idVMUX2TE3BH3KaEleZV_hGRbiHts25jH0&t=51e37521, line 2: TypeError: t is undefined
1606847420156	Marionette	INFO	Stopped listening on port 58258

###!!! [Child][RunMessage] Error: Channel closing: too late to send/recv, messages will be lost


###!!! [Child][MessageChannel::SendAndWait] Error: Channel error: cannot send/recv

1606847487775	geckodriver	INFO	Listening on 127.0.0.1:58452
1606847490832	mozrunner::runner	INFO	Running command: "C:\\Program Files (x86)\\Mozilla Firefox\\firefox.exe" "--marionette" "-foreground" "-no-remote" "-profile" "C:\\Users\\Angel\\AppData\\Local\\Temp\\rust_mozprofile40vbIw"
Can't find symbol 'eglSwapBuffersWithDamageEXT'.
Can't find symbol 'eglSetDamageRegionKHR'.
JavaScript error: resource://gre/modules/XULStore.jsm, line 66: Error: Can't find profile directory.
console.warn: SearchSettings: "get: No settings file exists, new profile?" (new Error("", "(unknown module)"))
1606847494198	Marionette	INFO	Listening on port 58460
1606847494494	Marionette	WARN	TLS certificate errors will be ignored for this session
JavaScript error: https://www.cenace.gob.mx/SIM/VISTA/REPORTES/EnergiaGenLiqAgregada.aspx, line 268: SyntaxError: expected expression, got '}'
JavaScript error: https://www.cenace.gob.mx/ScriptResource.axd?d=jLmy3jXxeSyq9bBy74ikyrxInu74H87cDcSph7pNm2JDT6rAkclnkCeoFNnbL5WCtee3s8bdeiPv1o92ngQ2RpXlCNIGi42idVMUX2TE3BH3KaEleZV_hGRbiHts25jH0&t=51e37521, line 2: TypeError: t is undefined
JavaScript error: https://www.cenace.gob.mx/ScriptResource.axd?d=jLmy3jXxeSyq9bBy74ikyrxInu74H87cDcSph7pNm2JDT6rAkclnkCeoFNnbL5WCtee3s8bdeiPv1o92ngQ2RpXlCNIGi42idVMUX2TE3BH3KaEleZV_hGRbiHts25jH0&t=51e37521, line 2: TypeError: t is undefined
1606847520488	Marionette	INFO	Stopped listening on port 58460

###!!! [Child][RunMessage] Error: Channel closing: too late to send/recv, messages will be lost


###!!! [Child][MessageChannel::SendAndWait] Error: Channel error: cannot send/recv

1606847521519	geckodriver	INFO	Listening on 127.0.0.1:58520
1606847524544	mozrunner::runner	INFO	Running command: "C:\\Program Files (x86)\\Mozilla Firefox\\firefox.exe" "--marionette" "-foreground" "-no-remote" "-profile" "C:\\Users\\Angel\\AppData\\Local\\Temp\\rust_mozprofile504jZv"
Can't find symbol 'eglSwapBuffersWithDamageEXT'.
Can't find symbol 'eglSetDamageRegionKHR'.
JavaScript error: resource://gre/modules/XULStore.jsm, line 66: Error: Can't find profile directory.
console.warn: SearchSettings: "get: No settings file exists, new profile?" (new Error("", "(unknown module)"))
1606847527984	Marionette	INFO	Listening on port 58528
1606847528206	Marionette	WARN	TLS certificate errors will be ignored for this session
JavaScript error: https://www.cenace.gob.mx/SIM/VISTA/REPORTES/EnergiaGenLiqAgregada.aspx, line 268: SyntaxError: expected expression, got '}'
JavaScript error: resource://gre/actors/AutoCompleteChild.jsm, line 235: Error: Invalid autocomplete selectedIndex
JavaScript error: https://www.cenace.gob.mx/ScriptResource.axd?d=jLmy3jXxeSyq9bBy74ikyrxInu74H87cDcSph7pNm2JDT6rAkclnkCeoFNnbL5WCtee3s8bdeiPv1o92ngQ2RpXlCNIGi42idVMUX2TE3BH3KaEleZV_hGRbiHts25jH0&t=51e37521, line 2: TypeError: t is undefined
JavaScript error: https://www.cenace.gob.mx/ScriptResource.axd?d=jLmy3jXxeSyq9bBy74ikyrxInu74H87cDcSph7pNm2JDT6rAkclnkCeoFNnbL5WCtee3s8bdeiPv1o92ngQ2RpXlCNIGi42idVMUX2TE3BH3KaEleZV_hGRbiHts25jH0&t=51e37521, line 2: TypeError: t is undefined
1606847699309	Marionette	INFO	Stopped listening on port 58528

###!!! [Child][RunMessage] Error: Channel closing: too late to send/recv, messages will be lost


###!!! [Child][MessageChannel::SendAndWait] Error: Channel error: cannot send/recv

1606847712366	geckodriver	INFO	Listening on 127.0.0.1:58590
1606847715423	mozrunner::runner	INFO	Running command: "C:\\Program Files (x86)\\Mozilla Firefox\\firefox.exe" "--marionette" "-foreground" "-no-remote" "-profile" "C:\\Users\\Angel\\AppData\\Local\\Temp\\rust_mozprofileMlRhfc"
Can't find symbol 'eglSwapBuffersWithDamageEXT'.
Can't find symbol 'eglSetDamageRegionKHR'.
JavaScript error: resource://gre/modules/XULStore.jsm, line 66: Error: Can't find profile directory.
console.warn: SearchSettings: "get: No settings file exists, new profile?" (new Error("", "(unknown module)"))
1606847719215	Marionette	INFO	Listening on port 58598
1606847719589	Marionette	WARN	TLS certificate errors will be ignored for this session
JavaScript error: https://www.cenace.gob.mx/SIM/VISTA/REPORTES/EnergiaGenLiqAgregada.aspx, line 268: SyntaxError: expected expression, got '}'
JavaScript error: resource://gre/actors/AutoCompleteChild.jsm, line 235: Error: Invalid autocomplete selectedIndex
JavaScript error: https://www.cenace.gob.mx/ScriptResource.axd?d=jLmy3jXxeSyq9bBy74ikyrxInu74H87cDcSph7pNm2JDT6rAkclnkCeoFNnbL5WCtee3s8bdeiPv1o92ngQ2RpXlCNIGi42idVMUX2TE3BH3KaEleZV_hGRbiHts25jH0&t=51e37521, line 2: TypeError: t is undefined
JavaScript error: https://www.cenace.gob.mx/ScriptResource.axd?d=jLmy3jXxeSyq9bBy74ikyrxInu74H87cDcSph7pNm2JDT6rAkclnkCeoFNnbL5WCtee3s8bdeiPv1o92ngQ2RpXlCNIGi42idVMUX2TE3BH3KaEleZV_hGRbiHts25jH0&t=51e37521, line 2: TypeError: t is undefined
1606848590802	Marionette	INFO	Stopped listening on port 58598

###!!! [Child][RunMessage] Error: Channel closing: too late to send/recv, messages will be lost


###!!! [Child][MessageChannel::SendAndWait] Error: Channel error: cannot send/recv

1606848609882	geckodriver	INFO	Listening on 127.0.0.1:65066
1606848612924	mozrunner::runner	INFO	Running command: "C:\\Program Files (x86)\\Mozilla Firefox\\firefox.exe" "--marionette" "-foreground" "-no-remote" "-profile" "C:\\Users\\Angel\\AppData\\Local\\Temp\\rust_mozprofilejFco2f"
Can't find symbol 'eglSwapBuffersWithDamageEXT'.
Can't find symbol 'eglSetDamageRegionKHR'.
JavaScript error: resource://gre/modules/XULStore.jsm, line 66: Error: Can't find profile directory.
console.warn: SearchSettings: "get: No settings file exists, new profile?" (new Error("", "(unknown module)"))
1606848616480	Marionette	INFO	Listening on port 65074
1606848616602	Marionette	WARN	TLS certificate errors will be ignored for this session
JavaScript error: https://www.cenace.gob.mx/SIM/VISTA/REPORTES/EnergiaGenLiqAgregada.aspx, line 268: SyntaxError: expected expression, got '}'
JavaScript error: resource://gre/actors/AutoCompleteChild.jsm, line 235: Error: Invalid autocomplete selectedIndex
JavaScript error: https://www.cenace.gob.mx/ScriptResource.axd?d=jLmy3jXxeSyq9bBy74ikyrxInu74H87cDcSph7pNm2JDT6rAkclnkCeoFNnbL5WCtee3s8bdeiPv1o92ngQ2RpXlCNIGi42idVMUX2TE3BH3KaEleZV_hGRbiHts25jH0&t=51e37521, line 2: TypeError: t is undefined
JavaScript error: https://www.cenace.gob.mx/ScriptResource.axd?d=jLmy3jXxeSyq9bBy74ikyrxInu74H87cDcSph7pNm2JDT6rAkclnkCeoFNnbL5WCtee3s8bdeiPv1o92ngQ2RpXlCNIGi42idVMUX2TE3BH3KaEleZV_hGRbiHts25jH0&t=51e37521, line 2: TypeError: t is undefined
1606848683820	Marionette	INFO	Stopped listening on port 65074

###!!! [Child][RunMessage] Error: Channel closing: too late to send/recv, messages will be lost


###!!! [Child][MessageChannel::SendAndWait] Error: Channel error: cannot send/recv

1606848686932	geckodriver	INFO	Listening on 127.0.0.1:65137
1606848689999	mozrunner::runner	INFO	Running command: "C:\\Program Files (x86)\\Mozilla Firefox\\firefox.exe" "--marionette" "-foreground" "-no-remote" "-profile" "C:\\Users\\Angel\\AppData\\Local\\Temp\\rust_mozprofilesaTLuL"
Can't find symbol 'eglSwapBuffersWithDamageEXT'.
Can't find symbol 'eglSetDamageRegionKHR'.
JavaScript error: resource://gre/modules/XULStore.jsm, line 66: Error: Can't find profile directory.
console.warn: SearchSettings: "get: No settings file exists, new profile?" (new Error("", "(unknown module)"))
1606848693412	Marionette	INFO	Listening on port 65145
1606848693658	Marionette	WARN	TLS certificate errors will be ignored for this session
console.error: Region.jsm: "Error fetching region" (new Error("TIMEOUT", "resource://gre/modules/Region.jsm", 726))
console.error: Region.jsm: "Failed to fetch region" (new Error("TIMEOUT", "resource://gre/modules/Region.jsm", 376))
1606849031283	Marionette	INFO	Stopped listening on port 65145

###!!! [Child][RunMessage] Error: Channel closing: too late to send/recv, messages will be lost


###!!! [Child][MessageChannel::SendAndWait] Error: Channel error: cannot send/recv

ocal\\Temp\\rust_mozprofileHzn60G"
Can't find symbol 'eglSwapBuffersWithDamageEXT'.
Can't find symbol 'eglSetDamageRegionKHR'.
JavaScript error: resource://gre/modules/XULStore.jsm, line 66: Error: Can't find profile directory.
console.warn: SearchSettings: "get: No settings file exists, new profile?" (new Error("", "(unknown module)"))
1606848800033	Marionette	INFO	Listening on port 61262
1606848800419	Marionette	WARN	TLS certificate errors will be ignored for this session
JavaScript error: https://www.cenace.gob.mx/SIM/VISTA/REPORTES/EnergiaGenLiqAgregada.aspx, line 268: SyntaxError: expected expression, got '}'
JavaScript error: resource://gre/actors/AutoCompleteChild.jsm, line 235: Error: Invalid autocomplete selectedIndex
JavaScript error: https://www.cenace.gob.mx/ScriptResource.a1606848843181	mozrunner::runner	INFO	Running command: "C:\\Program Files (x86)\\Mozilla Firefox\\firefox.exe" "--marionette" "-foreground" "-no-remote" "-profile" "C:\\Users\\Angel\\AppData\\Local\\Temp\\rust_mozprofilewU0TIB"
Can't find symbol 'eglSwapBuffersWithDamageEXT'.
Can't find symbol 'eglSetDamageRegionKHR'.
JavaScript error: resource://gre/modules/XULStore.jsm, line 66: Error: Can't find profile directory.
console.warn: SearchSettings: "get: No settings file exists, new profile?" (new Error("", "(unknown module)"))
1606848846704	Marionette	INFO	Listening on port 56076
1606848846842	Marionette	WARN	TLS certificate errors will be ignored for this session
JavaScript error: https://www.cenace.gob.mx/SIM/VISTA/REPORTES/EnergiaGenLiqAgregada.aspx, line 268: SyntaxError: expected expression, got '}'
JavaScript error: resource://gre/actors/AutoCompleteChild.jsm, line 235: Error: Invalid autocomplete selectedIndex
JavaScript error: https://www.cenace.gob.mx/ScriptResource.a1606848878140	mozrunner::runner	INFO	Running command: "C:\\Program Files (x86)\\Mozilla Firefox\\firefox.exe" "--marionette" "-foreground" "-no-remote" "-profile" "C:\\Users\\Angel\\AppData\\Local\\Temp\\rust_mozprofilegwNhwx"
Can't find symbol 'eglSwapBuffersWithDamageEXT'.
Can't find symbol 'eglSetDamageRegionKHR'.
JavaScript error: resource://gre/modules/XULStore.jsm, line 66: Error: Can't find profile directory.
console.warn: SearchSettings: "get: No settings file exists, new profile?" (new Error("", "(unknown module)"))
1606848881870	Marionette	INFO	Listening on port 56157
1606848882316	Marionette	WARN	TLS certificate errors will be ignored for this session
JavaScript error: https://www.cenace.gob.mx/SIM/VISTA/REPORTES/EnergiaGenLiqAgregada.aspx, line 268: SyntaxError: expected expression, got '}'
JavaScript error: resource://gre/actors/AutoCompleteChild.jsm, line 235: Error: Invalid autocomplete selectedIndex
JavaScript error: https://www.cenace.gob.mx/ScriptResource.axd?d=jLmy3jXxeSyq9bBy74ikyrxInu74H87cDcSph7pNm2JDT6rAkclnkCeoFNnbL5WCtee3s8bdeiPv1o92ngQ2RpXlCNIGi42idVMUX2TE3BH3KaEleZV_hGRbiHts25jH0&t=51e37521, line 2: TypeError: t is undefined
JavaScript error: https://www.cenace.gob.mx/ScriptResource.axd?d=jLmy3jXxeSyq9bBy74ikyrxInu74H87cDcSph7pNm2JDT6rAkclnkCeoFNnbL5WCtee3s8bdeiPv1o92ngQ2RpXlCNIGi42idVMUX2TE3BH3KaEleZV_hGRbiHts25jH0&t=51e37521, line 2: TypeError: t is undefined
1606848898115	Marionette	INFO	Stopped listening on port 56157

###!!! [Child][RunMessage] Error: Channel closing: too late to send/recv, messages will be lost


###!!! [Child][MessageChannel::SendAndWait] Error: Channel error: cannot send/recv

1606849051582	geckodriver	INFO	Listening on 127.0.0.1:56226
1606849054639	mozrunner::runner	INFO	Running command: "C:\\Program Files (x86)\\Mozilla Firefox\\firefox.exe" "--marionette" "-foreground" "-no-remote" "-profile" "C:\\Users\\Angel\\AppData\\Local\\Temp\\rust_mozprofilevw9vsM"
Can't find symbol 'eglSwapBuffersWithDamageEXT'.
Can't find symbol 'eglSetDamageRegionKHR'.
JavaScript error: resource://gre/modules/XULStore.jsm, line 66: Error: Can't find profile directory.
console.warn: SearchSettings: "get: No settings file exists, new profile?" (new Error("", "(unknown module)"))
1606849058495	Marionette	INFO	Listening on port 56234
1606849058804	Marionette	WARN	TLS certificate errors will be ignored for this session
JavaScript error: https://www.cenace.gob.mx/SIM/VISTA/REPORTES/EnergiaGenLiqAgregada.aspx, line 268: SyntaxError: expected expression, got '}'
JavaScript error: resource://gre/actors/AutoCompleteChild.jsm, line 235: Error: Invalid autocomplete selectedIndex
1606849077421	Marionette	INFO	Stopped listening on port 56234
JavaScript error: https://www.cenace.gob.mx/ScriptResource.axd?d=jLmy3jXxeSyq9bBy74ikyrxInu74H87cDcSph7pNm2JDT6rAkclnkCeoFNnbL5WCtee3s8bdeiPv1o92ngQ2RpXlCNIGi42idVMUX2TE3BH3KaEleZV_hGRbiHts25jH0&t=51e37521, line 2: TypeError: t is undefined
JavaScript error: https://www.cenace.gob.mx/ScriptResource.axd?d=jLmy3jXxeSyq9bBy74ikyrxInu74H87cDcSph7pNm2JDT6rAkclnkCeoFNnbL5WCtee3s8bdeiPv1o92ngQ2RpXlCNIGi42idVMUX2TE3BH3KaEleZV_hGRbiHts25jH0&t=51e37521, line 2: TypeError: t is undefined

###!!! [Child][RunMessage] Error: Channel closing: too late to send/recv, messages will be lost


###!!! [Child][MessageChannel::SendAndWait] Error: Channel error: cannot send/recv

1606849640788	geckodriver	INFO	Listening on 127.0.0.1:56358
1606849643834	mozrunner::runner	INFO	Running command: "C:\\Program Files (x86)\\Mozilla Firefox\\firefox.exe" "--marionette" "-foreground" "-no-remote" "-profile" "C:\\Users\\Angel\\AppData\\Local\\Temp\\rust_mozprofileWqIJ00"
Can't find symbol 'eglSwapBuffersWithDamageEXT'.
Can't find symbol 'eglSetDamageRegionKHR'.
JavaScript error: resource://gre/modules/XULStore.jsm, line 66: Error: Can't find profile directory.
console.warn: SearchSettings: "get: No settings file exists, new profile?" (new Error("", "(unknown module)"))
1606849647280	Marionette	INFO	Listening on port 56366
1606849647519	Marionette	WARN	TLS certificate errors will be ignored for this session
JavaScript error: https://www.cenace.gob.mx/SIM/VISTA/REPORTES/EnergiaGenLiqAgregada.aspx, line 268: SyntaxError: expected expression, got '}'
JavaScript error: resource://gre/actors/AutoCompleteChild.jsm, line 235: Error: Invalid autocomplete selectedIndex
1606849666438	Marionette	INFO	Stopped listening on port 56366
JavaScript error: https://www.cenace.gob.mx/ScriptResource.axd?d=jLmy3jXxeSyq9bBy74ikyrxInu74H87cDcSph7pNm2JDT6rAkclnkCeoFNnbL5WCtee3s8bdeiPv1o92ngQ2RpXlCNIGi42idVMUX2TE3BH3KaEleZV_hGRbiHts25jH0&t=51e37521, line 2: TypeError: t is undefined
JavaScript error: https://www.cenace.gob.mx/ScriptResource.axd?d=jLmy3jXxeSyq9bBy74ikyrxInu74H87cDcSph7pNm2JDT6rAkclnkCeoFNnbL5WCtee3s8bdeiPv1o92ngQ2RpXlCNIGi42idVMUX2TE3BH3KaEleZV_hGRbiHts25jH0&t=51e37521, line 2: TypeError: t is undefined

###!!! [Child][RunMessage] Error: Channel closing: too late to send/recv, messages will be lost


###!!! [Child][MessageChannel::SendAndWait] Error: Channel error: cannot send/recv

1606853587875	geckodriver	INFO	Listening on 127.0.0.1:53565
1606853590901	mozrunner::runner	INFO	Running command: "C:\\Program Files (x86)\\Mozilla Firefox\\firefox.exe" "--marionette" "-foreground" "-no-remote" "-profile" "C:\\Users\\Angel\\AppData\\Local\\Temp\\rust_mozprofilefyruFw"
Can't find symbol 'eglSwapBuffersWithDamageEXT'.
Can't find symbol 'eglSetDamageRegionKHR'.
JavaScript error: resource://gre/modules/XULStore.jsm, line 66: Error: Can't find profile directory.
console.warn: SearchSettings: "get: No settings file exists, new profile?" (new Error("", "(unknown module)"))
1606853594942	Marionette	INFO	Listening on port 53573
1606853595062	Marionette	WARN	TLS certificate errors will be ignored for this session
Marionette threw an error: TypeError: driver.dialogObserver is null
waitForNavigationCompleted/<@chrome://marionette/content/navigate.js:364:5

1606853609998	Marionette	INFO	Stopped listening on port 53573

###!!! [Child][RunMessage] Error: Channel closing: too late to send/recv, messages will be lost


###!!! [Child][MessageChannel::SendAndWait] Error: Channel error: cannot send/recv

1606853618236	geckodriver	INFO	Listening on 127.0.0.1:53628
1606853621293	mozrunner::runner	INFO	Running command: "C:\\Program Files (x86)\\Mozilla Firefox\\firefox.exe" "--marionette" "-foreground" "-no-remote" "-profile" "C:\\Users\\Angel\\AppData\\Local\\Temp\\rust_mozprofile6n4dRb"
Can't find symbol 'eglSwapBuffersWithDamageEXT'.
Can't find symbol 'eglSetDamageRegionKHR'.
JavaScript error: resource://gre/modules/XULStore.jsm, line 66: Error: Can't find profile directory.
console.warn: SearchSettings: "get: No settings file exists, new profile?" (new Error("", "(unknown module)"))
1606853625199	Marionette	INFO	Listening on port 53636
1606853625456	Marionette	WARN	TLS certificate errors will be ignored for this session
JavaScript error: https://www.cenace.gob.mx/SIM/VISTA/REPORTES/EnergiaGenLiqAgregada.aspx, line 268: SyntaxError: expected expression, got '}'
JavaScript error: resource://gre/actors/AutoCompleteChild.jsm, line 235: Error: Invalid autocomplete selectedIndex
1606853652835	Marionette	INFO	Stopped listening on port 53636
JavaScript error: https://www.cenace.gob.mx/ScriptResource.axd?d=jLmy3jXxeSyq9bBy74ikyrxInu74H87cDcSph7pNm2JDT6rAkclnkCeoFNnbL5WCtee3s8bdeiPv1o92ngQ2RpXlCNIGi42idVMUX2TE3BH3KaEleZV_hGRbiHts25jH0&t=51e37521, line 2: TypeError: t is undefined
JavaScript error: https://www.cenace.gob.mx/ScriptResource.axd?d=jLmy3jXxeSyq9bBy74ikyrxInu74H87cDcSph7pNm2JDT6rAkclnkCeoFNnbL5WCtee3s8bdeiPv1o92ngQ2RpXlCNIGi42idVMUX2TE3BH3KaEleZV_hGRbiHts25jH0&t=51e37521, line 2: TypeError: t is undefined

###!!! [Child][RunMessage] Error: Channel closing: too late to send/recv, messages will be lost


###!!! [Child][MessageChannel::SendAndWait] Error: Channel error: cannot send/recv

1606853655513	geckodriver	INFO	Listening on 127.0.0.1:53696
1606853658555	mozrunner::runner	INFO	Running command: "C:\\Program Files (x86)\\Mozilla Firefox\\firefox.exe" "--marionette" "-foreground" "-no-remote" "-profile" "C:\\Users\\Angel\\AppData\\Local\\Temp\\rust_mozprofileFK8qkw"
Can't find symbol 'eglSwapBuffersWithDamageEXT'.
Can't find symbol 'eglSetDamageRegionKHR'.
JavaScript error: resource://gre/modules/XULStore.jsm, line 66: Error: Can't find profile directory.
console.warn: SearchSettings: "get: No settings file exists, new profile?" (new Error("", "(unknown module)"))
1606853661759	Marionette	INFO	Listening on port 53704
1606853662261	Marionette	WARN	TLS certificate errors will be ignored for this session
JavaScript error: https://www.cenace.gob.mx/SIM/VISTA/REPORTES/EnergiaGenLiqAgregada.aspx, line 268: SyntaxError: expected expression, got '}'
JavaScript error: resource://gre/actors/AutoCompleteChild.jsm, line 235: Error: Invalid autocomplete selectedIndex
1606853689337	Marionette	INFO	Stopped listening on port 53704
JavaScript error: https://www.cenace.gob.mx/ScriptResource.axd?d=jLmy3jXxeSyq9bBy74ikyrxInu74H87cDcSph7pNm2JDT6rAkclnkCeoFNnbL5WCtee3s8bdeiPv1o92ngQ2RpXlCNIGi42idVMUX2TE3BH3KaEleZV_hGRbiHts25jH0&t=51e37521, line 2: TypeError: t is undefined
JavaScript error: https://www.cenace.gob.mx/ScriptResource.axd?d=jLmy3jXxeSyq9bBy74ikyrxInu74H87cDcSph7pNm2JDT6rAkclnkCeoFNnbL5WCtee3s8bdeiPv1o92ngQ2RpXlCNIGi42idVMUX2TE3BH3KaEleZV_hGRbiHts25jH0&t=51e37521, line 2: TypeError: t is undefined

###!!! [Child][RunMessage] Error: Channel closing: too late to send/recv, messages will be lost


###!!! [Child][MessageChannel::SendAndWait] Error: Channel error: cannot send/recv

1606853691171	geckodriver	INFO	Listening on 127.0.0.1:53761
1606853725517	geckodriver	INFO	Listening on 127.0.0.1:53771
1606853728574	mozrunner::runner	INFO	Running command: "C:\\Program Files (x86)\\Mozilla Firefox\\firefox.exe" "--marionette" "-foreground" "-no-remote" "-profile" "C:\\Users\\Angel\\AppData\\Local\\Temp\\rust_mozprofilekygRd8"
Can't find symbol 'eglSwapBuffersWithDamageEXT'.
Can't find symbol 'eglSetDamageRegionKHR'.
JavaScript error: resource://gre/modules/XULStore.jsm, line 66: Error: Can't find profile directory.
console.warn: SearchSettings: "get: No settings file exists, new profile?" (new Error("", "(unknown module)"))
1606853732188	Marionette	INFO	Listening on port 53779
1606853732250	Marionette	WARN	TLS certificate errors will be ignored for this session
JavaScript error: https://www.cenace.gob.mx/SIM/VISTA/REPORTES/EnergiaGenLiqAgregada.aspx, line 268: SyntaxError: expected expression, got '}'
JavaScript error: resource://gre/actors/AutoCompleteChild.jsm, line 235: Error: Invalid autocomplete selectedIndex
1606853832886	Marionette	INFO	Stopped listening on port 53779
JavaScript error: https://www.cenace.gob.mx/ScriptResource.axd?d=jLmy3jXxeSyq9bBy74ikyrxInu74H87cDcSph7pNm2JDT6rAkclnkCeoFNnbL5WCtee3s8bdeiPv1o92ngQ2RpXlCNIGi42idVMUX2TE3BH3KaEleZV_hGRbiHts25jH0&t=51e37521, line 2: TypeError: t is undefined
JavaScript error: https://www.cenace.gob.mx/ScriptResource.axd?d=jLmy3jXxeSyq9bBy74ikyrxInu74H87cDcSph7pNm2JDT6rAkclnkCeoFNnbL5WCtee3s8bdeiPv1o92ngQ2RpXlCNIGi42idVMUX2TE3BH3KaEleZV_hGRbiHts25jH0&t=51e37521, line 2: TypeError: t is undefined

###!!! [Child][RunMessage] Error: Channel closing: too late to send/recv, messages will be lost


###!!! [Child][MessageChannel::SendAndWait] Error: Channel error: cannot send/recv

1606853856137	geckodriver	INFO	Listening on 127.0.0.1:53844
1606853859194	mozrunner::runner	INFO	Running command: "C:\\Program Files (x86)\\Mozilla Firefox\\firefox.exe" "--marionette" "-foreground" "-no-remote" "-profile" "C:\\Users\\Angel\\AppData\\Local\\Temp\\rust_mozprofileMBKt27"
Can't find symbol 'eglSwapBuffersWithDamageEXT'.
Can't find symbol 'eglSetDamageRegionKHR'.
JavaScript error: resource://gre/modules/XULStore.jsm, line 66: Error: Can't find profile directory.
console.warn: SearchSettings: "get: No settings file exists, new profile?" (new Error("", "(unknown module)"))
1606853862773	Marionette	INFO	Listening on port 53852
1606853862859	Marionette	WARN	TLS certificate errors will be ignored for this session
JavaScript error: https://www.cenace.gob.mx/SIM/VISTA/REPORTES/EnergiaGenLiqAgregada.aspx, line 268: SyntaxError: expected expression, got '}'
JavaScript error: resource://gre/actors/AutoCompleteChild.jsm, line 235: Error: Invalid autocomplete selectedIndex
1606853913214	Marionette	INFO	Stopped listening on port 53852
JavaScript error: https://www.cenace.gob.mx/ScriptResource.axd?d=jLmy3jXxeSyq9bBy74ikyrxInu74H87cDcSph7pNm2JDT6rAkclnkCeoFNnbL5WCtee3s8bdeiPv1o92ngQ2RpXlCNIGi42idVMUX2TE3BH3KaEleZV_hGRbiHts25jH0&t=51e37521, line 2: TypeError: t is undefined
JavaScript error: https://www.cenace.gob.mx/ScriptResource.axd?d=jLmy3jXxeSyq9bBy74ikyrxInu74H87cDcSph7pNm2JDT6rAkclnkCeoFNnbL5WCtee3s8bdeiPv1o92ngQ2RpXlCNIGi42idVMUX2TE3BH3KaEleZV_hGRbiHts25jH0&t=51e37521, line 2: TypeError: t is undefined

###!!! [Child][RunMessage] Error: Channel closing: too late to send/recv, messages will be lost


###!!! [Child][MessageChannel::SendAndWait] Error: Channel error: cannot send/recv

1606853979357	geckodriver	INFO	Listening on 127.0.0.1:53908
1606853982398	mozrunner::runner	INFO	Running command: "C:\\Program Files (x86)\\Mozilla Firefox\\firefox.exe" "--marionette" "-foreground" "-no-remote" "-profile" "C:\\Users\\Angel\\AppData\\Local\\Temp\\rust_mozprofilejJiXGp"
Can't find symbol 'eglSwapBuffersWithDamageEXT'.
Can't find symbol 'eglSetDamageRegionKHR'.
JavaScript error: resource://gre/modules/XULStore.jsm, line 66: Error: Can't find profile directory.
console.warn: SearchSettings: "get: No settings file exists, new profile?" (new Error("", "(unknown module)"))
1606853985859	Marionette	INFO	Listening on port 53916
1606853986060	Marionette	WARN	TLS certificate errors will be ignored for this session
JavaScript error: https://www.cenace.gob.mx/SIM/VISTA/REPORTES/EnergiaGenLiqAgregada.aspx, line 268: SyntaxError: expected expression, got '}'
JavaScript error: resource://gre/actors/AutoCompleteChild.jsm, line 235: Error: Invalid autocomplete selectedIndex
1606854065859	Marionette	INFO	Stopped listening on port 53916
JavaScript error: https://www.cenace.gob.mx/ScriptResource.axd?d=jLmy3jXxeSyq9bBy74ikyrxInu74H87cDcSph7pNm2JDT6rAkclnkCeoFNnbL5WCtee3s8bdeiPv1o92ngQ2RpXlCNIGi42idVMUX2TE3BH3KaEleZV_hGRbiHts25jH0&t=51e37521, line 2: TypeError: t is undefined
JavaScript error: https://www.cenace.gob.mx/ScriptResource.axd?d=jLmy3jXxeSyq9bBy74ikyrxInu74H87cDcSph7pNm2JDT6rAkclnkCeoFNnbL5WCtee3s8bdeiPv1o92ngQ2RpXlCNIGi42idVMUX2TE3BH3KaEleZV_hGRbiHts25jH0&t=51e37521, line 2: TypeError: t is undefined

###!!! [Child][RunMessage] Error: Channel closing: too late to send/recv, messages will be lost


###!!! [Child][MessageChannel::SendAndWait] Error: Channel error: cannot send/recv

1606854138103	geckodriver	INFO	Listening on 127.0.0.1:53974
1606854141161	mozrunner::runner	INFO	Running command: "C:\\Program Files (x86)\\Mozilla Firefox\\firefox.exe" "--marionette" "-foreground" "-no-remote" "-profile" "C:\\Users\\Angel\\AppData\\Local\\Temp\\rust_mozprofiletaY9wM"
Can't find symbol 'eglSwapBuffersWithDamageEXT'.
Can't find symbol 'eglSetDamageRegionKHR'.
JavaScript error: resource://gre/modules/XULStore.jsm, line 66: Error: Can't find profile directory.
console.warn: SearchSettings: "get: No settings file exists, new profile?" (new Error("", "(unknown module)"))
1606854144524	Marionette	INFO	Listening on port 53982
1606854144822	Marionette	WARN	TLS certificate errors will be ignored for this session
JavaScript error: https://www.cenace.gob.mx/SIM/VISTA/REPORTES/EnergiaGenLiqAgregada.aspx, line 268: SyntaxError: expected expression, got '}'
JavaScript error: resource://gre/actors/AutoCompleteChild.jsm, line 235: Error: Invalid autocomplete selectedIndex
1606854259032	Marionette	INFO	Stopped listening on port 53982
JavaScript error: https://www.cenace.gob.mx/ScriptResource.axd?d=jLmy3jXxeSyq9bBy74ikyrxInu74H87cDcSph7pNm2JDT6rAkclnkCeoFNnbL5WCtee3s8bdeiPv1o92ngQ2RpXlCNIGi42idVMUX2TE3BH3KaEleZV_hGRbiHts25jH0&t=51e37521, line 2: TypeError: t is undefined
JavaScript error: https://www.cenace.gob.mx/ScriptResource.axd?d=jLmy3jXxeSyq9bBy74ikyrxInu74H87cDcSph7pNm2JDT6rAkclnkCeoFNnbL5WCtee3s8bdeiPv1o92ngQ2RpXlCNIGi42idVMUX2TE3BH3KaEleZV_hGRbiHts25jH0&t=51e37521, line 2: TypeError: t is undefined

###!!! [Child][MessageChannel::SendAndWait] Error: Channel error: cannot send/recv

1606854788523	geckodriver	INFO	Listening on 127.0.0.1:54575
1606854791580	mozrunner::runner	INFO	Running command: "C:\\Program Files (x86)\\Mozilla Firefox\\firefox.exe" "--marionette" "-foreground" "-no-remote" "-profile" "C:\\Users\\Angel\\AppData\\Local\\Temp\\rust_mozprofile9KXEbV"
Can't find symbol 'eglSwapBuffersWithDamageEXT'.
Can't find symbol 'eglSetDamageRegionKHR'.
JavaScript error: resource://gre/modules/XULStore.jsm, line 66: Error: Can't find profile directory.
console.warn: SearchSettings: "get: No settings file exists, new profile?" (new Error("", "(unknown module)"))
1606854795282	Marionette	INFO	Listening on port 54583
1606854795744	Marionette	WARN	TLS certificate errors will be ignored for this session
JavaScript error: https://www.cenace.gob.mx/SIM/VISTA/REPORTES/EnergiaGenLiqAgregada.aspx, line 268: SyntaxError: expected expression, got '}'
JavaScript error: resource://gre/actors/AutoCompleteChild.jsm, line 235: Error: Invalid autocomplete selectedIndex
1606854834976	Marionette	INFO	Stopped listening on port 54583
JavaScript error: https://www.cenace.gob.mx/ScriptResource.axd?d=jLmy3jXxeSyq9bBy74ikyrxInu74H87cDcSph7pNm2JDT6rAkclnkCeoFNnbL5WCtee3s8bdeiPv1o92ngQ2RpXlCNIGi42idVMUX2TE3BH3KaEleZV_hGRbiHts25jH0&t=51e37521, line 2: TypeError: t is undefined
JavaScript error: https://www.cenace.gob.mx/ScriptResource.axd?d=jLmy3jXxeSyq9bBy74ikyrxInu74H87cDcSph7pNm2JDT6rAkclnkCeoFNnbL5WCtee3s8bdeiPv1o92ngQ2RpXlCNIGi42idVMUX2TE3BH3KaEleZV_hGRbiHts25jH0&t=51e37521, line 2: TypeError: t is undefined
[Parent 3672, Gecko_IOThread] WARNING: file /builds/worker/checkouts/gecko/ipc/chromium/src/base/process_util_win.cc:166

###!!! [Child][RunMessage] Error: Channel closing: too late to send/recv, messages will be lost


###!!! [Child][MessageChannel::SendAndWait] Error: Channel error: cannot send/recv

1606854869645	geckodriver	INFO	Listening on 127.0.0.1:54647
1606854872686	mozrunner::runner	INFO	Running command: "C:\\Program Files (x86)\\Mozilla Firefox\\firefox.exe" "--marionette" "-foreground" "-no-remote" "-profile" "C:\\Users\\Angel\\AppData\\Local\\Temp\\rust_mozprofileT2wsnd"
Can't find symbol 'eglSwapBuffersWithDamageEXT'.
Can't find symbol 'eglSetDamageRegionKHR'.
JavaScript error: resource://gre/modules/XULStore.jsm, line 66: Error: Can't find profile directory.
console.warn: SearchSettings: "get: No settings file exists, new profile?" (new Error("", "(unknown module)"))
1606854876119	Marionette	INFO	Listening on port 54655
1606854876346	Marionette	WARN	TLS certificate errors will be ignored for this session
JavaScript error: https://www.cenace.gob.mx/SIM/VISTA/REPORTES/EnergiaGenLiqAgregada.aspx, line 268: SyntaxError: expected expression, got '}'
JavaScript error: resource://gre/actors/AutoCompleteChild.jsm, line 235: Error: Invalid autocomplete selectedIndex
1606854960924	Marionette	INFO	Stopped listening on port 54655
JavaScript error: https://www.cenace.gob.mx/ScriptResource.axd?d=jLmy3jXxeSyq9bBy74ikyrxInu74H87cDcSph7pNm2JDT6rAkclnkCeoFNnbL5WCtee3s8bdeiPv1o92ngQ2RpXlCNIGi42idVMUX2TE3BH3KaEleZV_hGRbiHts25jH0&t=51e37521, line 2: TypeError: t is undefined
JavaScript error: https://www.cenace.gob.mx/ScriptResource.axd?d=jLmy3jXxeSyq9bBy74ikyrxInu74H87cDcSph7pNm2JDT6rAkclnkCeoFNnbL5WCtee3s8bdeiPv1o92ngQ2RpXlCNIGi42idVMUX2TE3BH3KaEleZV_hGRbiHts25jH0&t=51e37521, line 2: TypeError: t is undefined

###!!! [Child][RunMessage] Error: Channel closing: too late to send/recv, messages will be lost


###!!! [Child][MessageChannel::SendAndWait] Error: Channel error: cannot send/recv

1606855624061	geckodriver	INFO	Listening on 127.0.0.1:52146
1606855627094	mozrunner::runner	INFO	Running command: "C:\\Program Files (x86)\\Mozilla Firefox\\firefox.exe" "--marionette" "-foreground" "-no-remote" "-profile" "C:\\Users\\Angel\\AppData\\Local\\Temp\\rust_mozprofileDiBrZa"
Can't find symbol 'eglSwapBuffersWithDamageEXT'.
Can't find symbol 'eglSetDamageRegionKHR'.
JavaScript error: resource://gre/modules/XULStore.jsm, line 66: Error: Can't find profile directory.
console.warn: SearchSettings: "get: No settings file exists, new profile?" (new Error("", "(unknown module)"))
1606855630372	Marionette	INFO	Listening on port 52154
1606855630770	Marionette	WARN	TLS certificate errors will be ignored for this session
JavaScript error: https://www.cenace.gob.mx/SIM/VISTA/REPORTES/EnergiaGenLiqAgregada.aspx, line 268: SyntaxError: expected expression, got '}'
JavaScript error: resource://gre/actors/AutoCompleteChild.jsm, line 235: Error: Invalid autocomplete selectedIndex
1606855671523	Marionette	INFO	Stopped listening on port 52154
JavaScript error: https://www.cenace.gob.mx/ScriptResource.axd?d=jLmy3jXxeSyq9bBy74ikyrxInu74H87cDcSph7pNm2JDT6rAkclnkCeoFNnbL5WCtee3s8bdeiPv1o92ngQ2RpXlCNIGi42idVMUX2TE3BH3KaEleZV_hGRbiHts25jH0&t=51e37521, line 2: TypeError: t is undefined
JavaScript error: https://www.cenace.gob.mx/ScriptResource.axd?d=jLmy3jXxeSyq9bBy74ikyrxInu74H87cDcSph7pNm2JDT6rAkclnkCeoFNnbL5WCtee3s8bdeiPv1o92ngQ2RpXlCNIGi42idVMUX2TE3BH3KaEleZV_hGRbiHts25jH0&t=51e37521, line 2: TypeError: t is undefined

###!!! [Child][RunMessage] Error: Channel closing: too late to send/recv, messages will be lost


###!!! [Child][MessageChannel::SendAndWait] Error: Channel error: cannot send/recv

1606855719867	geckodriver	INFO	Listening on 127.0.0.1:52206
1606855755208	geckodriver	INFO	Listening on 127.0.0.1:52224
1606855758234	mozrunner::runner	INFO	Running command: "C:\\Program Files (x86)\\Mozilla Firefox\\firefox.exe" "--marionette" "-foreground" "-no-remote" "-profile" "C:\\Users\\Angel\\AppData\\Local\\Temp\\rust_mozprofileqtfzLR"
Can't find symbol 'eglSwapBuffersWithDamageEXT'.
Can't find symbol 'eglSetDamageRegionKHR'.
JavaScript error: resource://gre/modules/XULStore.jsm, line 66: Error: Can't find profile directory.
console.warn: SearchSettings: "get: No settings file exists, new profile?" (new Error("", "(unknown module)"))
1606855761674	Marionette	INFO	Listening on port 52232
1606855761894	Marionette	WARN	TLS certificate errors will be ignored for this session
JavaScript error: https://www.cenace.gob.mx/SIM/VISTA/REPORTES/EnergiaGenLiqAgregada.aspx, line 268: SyntaxError: expected expression, got '}'
JavaScript error: resource://gre/actors/AutoCompleteChild.jsm, line 235: Error: Invalid autocomplete selectedIndex
1606855792295	Marionette	INFO	Stopped listening on port 52232
JavaScript error: https://www.cenace.gob.mx/ScriptResource.axd?d=jLmy3jXxeSyq9bBy74ikyrxInu74H87cDcSph7pNm2JDT6rAkclnkCeoFNnbL5WCtee3s8bdeiPv1o92ngQ2RpXlCNIGi42idVMUX2TE3BH3KaEleZV_hGRbiHts25jH0&t=51e37521, line 2: TypeError: t is undefined
JavaScript error: https://www.cenace.gob.mx/ScriptResource.axd?d=jLmy3jXxeSyq9bBy74ikyrxInu74H87cDcSph7pNm2JDT6rAkclnkCeoFNnbL5WCtee3s8bdeiPv1o92ngQ2RpXlCNIGi42idVMUX2TE3BH3KaEleZV_hGRbiHts25jH0&t=51e37521, line 2: TypeError: t is undefined

###!!! [Child][RunMessage] Error: Channel closing: too late to send/recv, messages will be lost


###!!! [Child][MessageChannel::SendAndWait] Error: Channel error: cannot send/recv

1606856307981	geckodriver	INFO	Listening on 127.0.0.1:52307
1606856311055	mozrunner::runner	INFO	Running command: "C:\\Program Files (x86)\\Mozilla Firefox\\firefox.exe" "--marionette" "-foreground" "-no-remote" "-profile" "C:\\Users\\Angel\\AppData\\Local\\Temp\\rust_mozprofileF1wuBp"
Can't find symbol 'eglSwapBuffersWithDamageEXT'.
Can't find symbol 'eglSetDamageRegionKHR'.
JavaScript error: resource://gre/modules/XULStore.jsm, line 66: Error: Can't find profile directory.
console.warn: SearchSettings: "get: No settings file exists, new profile?" (new Error("", "(unknown module)"))
1606856314460	Marionette	INFO	Listening on port 52315
1606856321361	Marionette	INFO	Stopped listening on port 52315

###!!! [Child][RunMessage] Error: Channel closing: too late to send/recv, messages will be lost


###!!! [Child][MessageChannel::SendAndWait] Error: Channel error: cannot send/recv

1606856328376	geckodriver	INFO	Listening on 127.0.0.1:52337
1606856331433	mozrunner::runner	INFO	Running command: "C:\\Program Files (x86)\\Mozilla Firefox\\firefox.exe" "--marionette" "-foreground" "-no-remote" "-profile" "C:\\Users\\Angel\\AppData\\Local\\Temp\\rust_mozprofilek9tYNY"
Can't find symbol 'eglSwapBuffersWithDamageEXT'.
Can't find symbol 'eglSetDamageRegionKHR'.
JavaScript error: resource://gre/modules/XULStore.jsm, line 66: Error: Can't find profile directory.
console.warn: SearchSettings: "get: No settings file exists, new profile?" (new Error("", "(unknown module)"))
1606856335130	Marionette	INFO	Listening on port 52345
1606856335596	Marionette	WARN	TLS certificate errors will be ignored for this session
JavaScript error: https://www.cenace.gob.mx/SIM/VISTA/REPORTES/EnergiaGenLiqAgregada.aspx, line 268: SyntaxError: expected expression, got '}'
JavaScript error: resource://gre/actors/AutoCompleteChild.jsm, line 235: Error: Invalid autocomplete selectedIndex
1606856371451	Marionette	INFO	Stopped listening on port 52345
JavaScript error: https://www.cenace.gob.mx/ScriptResource.axd?d=jLmy3jXxeSyq9bBy74ikyrxInu74H87cDcSph7pNm2JDT6rAkclnkCeoFNnbL5WCtee3s8bdeiPv1o92ngQ2RpXlCNIGi42idVMUX2TE3BH3KaEleZV_hGRbiHts25jH0&t=51e37521, line 2: TypeError: t is undefined
JavaScript error: https://www.cenace.gob.mx/ScriptResource.axd?d=jLmy3jXxeSyq9bBy74ikyrxInu74H87cDcSph7pNm2JDT6rAkclnkCeoFNnbL5WCtee3s8bdeiPv1o92ngQ2RpXlCNIGi42idVMUX2TE3BH3KaEleZV_hGRbiHts25jH0&t=51e37521, line 2: TypeError: t is undefined
[Parent 4640, Gecko_IOThread] WARNING: file /builds/worker/checkouts/gecko/ipc/chromium/src/base/process_util_win.cc:166

###!!! [Child][RunMessage] Error: Channel closing: too late to send/recv, messages will be lost


###!!! [Child][MessageChannel::SendAndWait] Error: Channel error: cannot send/recv

1606856420583	geckodriver	INFO	Listening on 127.0.0.1:52402
1606856423656	mozrunner::runner	INFO	Running command: "C:\\Program Files (x86)\\Mozilla Firefox\\firefox.exe" "--marionette" "-foreground" "-no-remote" "-profile" "C:\\Users\\Angel\\AppData\\Local\\Temp\\rust_mozprofileQebM6i"
Can't find symbol 'eglSwapBuffersWithDamageEXT'.
Can't find symbol 'eglSetDamageRegionKHR'.
JavaScript error: resource://gre/modules/XULStore.jsm, line 66: Error: Can't find profile directory.
console.warn: SearchSettings: "get: No settings file exists, new profile?" (new Error("", "(unknown module)"))
1606856426952	Marionette	INFO	Listening on port 52410
1606856427317	Marionette	WARN	TLS certificate errors will be ignored for this session
JavaScript error: https://www.cenace.gob.mx/SIM/VISTA/REPORTES/EnergiaGenLiqAgregada.aspx, line 268: SyntaxError: expected expression, got '}'
JavaScript error: resource://gre/actors/AutoCompleteChild.jsm, line 235: Error: Invalid autocomplete selectedIndex
1606856473339	Marionette	INFO	Stopped listening on port 52410
JavaScript error: https://www.cenace.gob.mx/ScriptResource.axd?d=jLmy3jXxeSyq9bBy74ikyrxInu74H87cDcSph7pNm2JDT6rAkclnkCeoFNnbL5WCtee3s8bdeiPv1o92ngQ2RpXlCNIGi42idVMUX2TE3BH3KaEleZV_hGRbiHts25jH0&t=51e37521, line 2: TypeError: t is undefined
JavaScript error: https://www.cenace.gob.mx/ScriptResource.axd?d=jLmy3jXxeSyq9bBy74ikyrxInu74H87cDcSph7pNm2JDT6rAkclnkCeoFNnbL5WCtee3s8bdeiPv1o92ngQ2RpXlCNIGi42idVMUX2TE3BH3KaEleZV_hGRbiHts25jH0&t=51e37521, line 2: TypeError: t is undefined

###!!! [Child][RunMessage] Error: Channel closing: too late to send/recv, messages will be lost


###!!! [Child][MessageChannel::SendAndWait] Error: Channel error: cannot send/recv

1606856509335	geckodriver	INFO	Listening on 127.0.0.1:52468
1606856512387	mozrunner::runner	INFO	Running command: "C:\\Program Files (x86)\\Mozilla Firefox\\firefox.exe" "--marionette" "-foreground" "-no-remote" "-profile" "C:\\Users\\Angel\\AppData\\Local\\Temp\\rust_mozprofileLS6eQa"
Can't find symbol 'eglSwapBuffersWithDamageEXT'.
Can't find symbol 'eglSetDamageRegionKHR'.
JavaScript error: resource://gre/modules/XULStore.jsm, line 66: Error: Can't find profile directory.
console.warn: SearchSettings: "get: No settings file exists, new profile?" (new Error("", "(unknown module)"))
1606856515907	Marionette	INFO	Listening on port 52476
1606856516047	Marionette	WARN	TLS certificate errors will be ignored for this session
JavaScript error: https://www.cenace.gob.mx/SIM/VISTA/REPORTES/EnergiaGenLiqAgregada.aspx, line 268: SyntaxError: expected expression, got '}'
JavaScript error: resource://gre/actors/AutoCompleteChild.jsm, line 235: Error: Invalid autocomplete selectedIndex
1606856530937	Marionette	INFO	Stopped listening on port 52476
JavaScript error: https://www.cenace.gob.mx/ScriptResource.axd?d=jLmy3jXxeSyq9bBy74ikyrxInu74H87cDcSph7pNm2JDT6rAkclnkCeoFNnbL5WCtee3s8bdeiPv1o92ngQ2RpXlCNIGi42idVMUX2TE3BH3KaEleZV_hGRbiHts25jH0&t=51e37521, line 2: TypeError: t is undefined
JavaScript error: https://www.cenace.gob.mx/ScriptResource.axd?d=jLmy3jXxeSyq9bBy74ikyrxInu74H87cDcSph7pNm2JDT6rAkclnkCeoFNnbL5WCtee3s8bdeiPv1o92ngQ2RpXlCNIGi42idVMUX2TE3BH3KaEleZV_hGRbiHts25jH0&t=51e37521, line 2: TypeError: t is undefined
[Parent 12180, Gecko_IOThread] WARNING: file /builds/worker/checkouts/gecko/ipc/chromium/src/base/process_util_win.cc:166

###!!! [Child][RunMessage] Error: Channel closing: too late to send/recv, messages will be lost


###!!! [Child][MessageChannel::SendAndWait] Error: Channel error: cannot send/recv

1606856545609	geckodriver	INFO	Listening on 127.0.0.1:52538
1606856548676	mozrunner::runner	INFO	Running command: "C:\\Program Files (x86)\\Mozilla Firefox\\firefox.exe" "--marionette" "-foreground" "-no-remote" "-profile" "C:\\Users\\Angel\\AppData\\Local\\Temp\\rust_mozprofileIJFpfQ"
Can't find symbol 'eglSwapBuffersWithDamageEXT'.
Can't find symbol 'eglSetDamageRegionKHR'.
JavaScript error: resource://gre/modules/XULStore.jsm, line 66: Error: Can't find profile directory.
console.warn: SearchSettings: "get: No settings file exists, new profile?" (new Error("", "(unknown module)"))
1606856552252	Marionette	INFO	Listening on port 52546
1606856552354	Marionette	WARN	TLS certificate errors will be ignored for this session
JavaScript error: https://www.cenace.gob.mx/SIM/VISTA/REPORTES/EnergiaGenLiqAgregada.aspx, line 268: SyntaxError: expected expression, got '}'
JavaScript error: resource://gre/actors/AutoCompleteChild.jsm, line 235: Error: Invalid autocomplete selectedIndex
Marionette threw an error: TypeError: driver.dialogObserver is null
waitForNavigationCompleted/<@chrome://marionette/content/navigate.js:364:5

JavaScript error: https://www.cenace.gob.mx/ScriptResource.axd?d=jLmy3jXxeSyq9bBy74ikyrxInu74H87cDcSph7pNm2JDT6rAkclnkCeoFNnbL5WCtee3s8bdeiPv1o92ngQ2RpXlCNIGi42idVMUX2TE3BH3KaEleZV_hGRbiHts25jH0&t=51e37521, line 2: TypeError: t is undefined
JavaScript error: https://www.cenace.gob.mx/ScriptResource.axd?d=jLmy3jXxeSyq9bBy74ikyrxInu74H87cDcSph7pNm2JDT6rAkclnkCeoFNnbL5WCtee3s8bdeiPv1o92ngQ2RpXlCNIGi42idVMUX2TE3BH3KaEleZV_hGRbiHts25jH0&t=51e37521, line 2: TypeError: t is undefined
1606856578268	Marionette	INFO	Stopped listening on port 52546

###!!! [Child][RunMessage] Error: Channel closing: too late to send/recv, messages will be lost


###!!! [Child][MessageChannel::SendAndWait] Error: Channel error: cannot send/recv

1606860046413	geckodriver	INFO	Listening on 127.0.0.1:52764
1606860049494	mozrunner::runner	INFO	Running command: "C:\\Program Files (x86)\\Mozilla Firefox\\firefox.exe" "--marionette" "-foreground" "-no-remote" "-profile" "C:\\Users\\Angel\\AppData\\Local\\Temp\\rust_mozprofilePeLkO3"
Can't find symbol 'eglSwapBuffersWithDamageEXT'.
Can't find symbol 'eglSetDamageRegionKHR'.
JavaScript error: resource://gre/modules/XULStore.jsm, line 66: Error: Can't find profile directory.
console.warn: SearchSettings: "get: No settings file exists, new profile?" (new Error("", "(unknown module)"))
1606860052809	Marionette	INFO	Listening on port 52772
1606860053183	Marionette	WARN	TLS certificate errors will be ignored for this session
JavaScript error: https://www.cenace.gob.mx/ScriptResource.axd?d=jLmy3jXxeSyq9bBy74ikyrxInu74H87cDcSph7pNm2JDT6rAkclnkCeoFNnbL5WCtee3s8bdeiPv1o92ngQ2RpXlCNIGi42idVMUX2TE3BH3KaEleZV_hGRbiHts25jH0&t=51e37521, line 2: TypeError: t is undefined
JavaScript error: https://www.cenace.gob.mx/ScriptResource.axd?d=jLmy3jXxeSyq9bBy74ikyrxInu74H87cDcSph7pNm2JDT6rAkclnkCeoFNnbL5WCtee3s8bdeiPv1o92ngQ2RpXlCNIGi42idVMUX2TE3BH3KaEleZV_hGRbiHts25jH0&t=51e37521, line 2: TypeError: t is undefined
1606860130112	Marionette	INFO	Stopped listening on port 52772

###!!! [Child][RunMessage] Error: Channel closing: too late to send/recv, messages will be lost


###!!! [Child][MessageChannel::SendAndWait] Error: Channel error: cannot send/recv

